2024-11-12 19:29:58 [[32minfo[39m]: Listening on 8080
2024-11-12 19:31:32 [[32minfo[39m]: Listening on 8080
2024-11-12 19:31:47 [[32minfo[39m]: Listening on 8080
2024-11-12 19:32:17 [[32minfo[39m]: Listening on 8080
2024-11-12 19:34:18 [[32minfo[39m]: Listening on 8080
2024-11-12 19:35:54 [[32minfo[39m]: Listening on 8080
2024-11-12 19:36:04 [[32minfo[39m]: Listening on 8080
2024-11-12 19:36:07 [[32minfo[39m]: Listening on 8080
2024-11-12 19:36:10 [[32minfo[39m]: Listening on 8080
2024-11-12 19:36:57 [[32minfo[39m]: Listening on 8080
2024-11-12 19:38:11 [[32minfo[39m]: Listening on 8080
2024-11-12 19:39:23 [[32minfo[39m]: Listening on 8080
2024-11-12 19:40:02 [[31merror[39m]: undefined User id 6709a50f3e2f8fc8f24bbda4 not found
2024-11-12 19:41:10 [[32minfo[39m]: Listening on 8080
2024-11-12 19:42:54 [[32minfo[39m]: Listening on 8080
2024-11-12 19:51:27 [[32minfo[39m]: Listening on 8080
2024-11-12 19:56:14 [[32minfo[39m]: Listening on 8080
2024-11-12 19:56:16 [[32minfo[39m]: Listening on 8080
2024-11-12 20:06:41 [[32minfo[39m]: Listening on 8080
2024-11-12 20:10:38 [[32minfo[39m]: Listening on 8080
2024-11-12 20:12:37 [[31merror[39m]: undefined usersService is not defined
2024-11-12 20:14:23 [[32minfo[39m]: Listening on 8080
2024-11-12 20:14:27 [[32minfo[39m]: Listening on 8080
2024-11-12 20:14:30 [[32minfo[39m]: Listening on 8080
2024-11-12 20:14:40 [[32minfo[39m]: Listening on 8080
2024-11-12 20:14:53 [[32minfo[39m]: Listening on 8080
2024-11-12 20:14:59 [[31merror[39m]: undefined this.usersService.getUserById is not a function
2024-11-12 20:15:27 [[32minfo[39m]: Listening on 8080
2024-11-12 20:15:42 [[32minfo[39m]: Listening on 8080
2024-11-12 20:16:00 [[32minfo[39m]: Listening on 8080
2024-11-12 20:16:03 [[32minfo[39m]: Listening on 8080
2024-11-12 20:16:11 [[32minfo[39m]: Listening on 8080
2024-11-12 20:16:27 [[32minfo[39m]: Listening on 8080
2024-11-12 20:16:28 [[32minfo[39m]: Listening on 8080
2024-11-12 20:16:40 [[32minfo[39m]: Listening on 8080
2024-11-12 20:16:51 [[32minfo[39m]: Listening on 8080
2024-11-12 20:16:55 [[32minfo[39m]: Listening on 8080
2024-11-12 20:20:27 [[31merror[39m]: undefined Parameter "filter" to findOne() must be an object, got "6733fe0cfaeb9e07b21f1c2e" (type string)
2024-11-12 20:21:02 [[32minfo[39m]: Listening on 8080
2024-11-12 20:34:19 [[32minfo[39m]: Listening on 8080
2024-11-12 20:34:21 [[32minfo[39m]: Listening on 8080
2024-11-12 20:49:39 [[31merror[39m]: _id Cast to ObjectId failed for value "undefined" (type string) at path "_id" for model "Adoptions"
2024-11-12 20:50:28 [[31merror[39m]: _id Cast to ObjectId failed for value "undefined" (type string) at path "_id" for model "Adoptions"
2024-11-12 20:50:59 [[31merror[39m]: _id Cast to ObjectId failed for value "undefined" (type string) at path "_id" for model "Adoptions"
2024-11-12 20:55:16 [[31merror[39m]: _id Cast to ObjectId failed for value "undefined" (type string) at path "_id" for model "Adoptions"
2024-11-12 20:58:08 [[31merror[39m]: _id Cast to ObjectId failed for value "undefined" (type string) at path "_id" for model "Adoptions"
2024-11-12 20:58:36 [[31merror[39m]: _id Cast to ObjectId failed for value "undefined" (type string) at path "_id" for model "Adoptions"
2024-11-12 20:59:24 [[31merror[39m]: _id Cast to ObjectId failed for value "undefined" (type string) at path "_id" for model "Adoptions"
2024-11-12 21:00:25 [[31merror[39m]: _id Cast to ObjectId failed for value "undefined" (type string) at path "_id" for model "Adoptions"
2024-11-12 21:00:58 [[31merror[39m]: _id Cast to ObjectId failed for value "undefined" (type string) at path "_id" for model "Adoptions"
2024-11-12 21:06:09 [[32minfo[39m]: Listening on 8080
2024-11-12 21:06:11 [[32minfo[39m]: Listening on 8080
2024-11-12 21:11:14 [[32minfo[39m]: Listening on 8080
2024-11-12 21:12:06 [[31merror[39m]: _id Cast to ObjectId failed for value "49ff1cf7-90d7-4ff0-ac65-2e778c211897" (type string) at path "_id" for model "Users"
2024-11-12 21:12:58 [[31merror[39m]: _id Cast to ObjectId failed for value "add1a939-2860-4973-9c0a-6b4578835152" (type string) at path "_id" for model "Users"
2024-11-12 21:14:15 [[32minfo[39m]: Listening on 8080
2024-11-12 21:15:52 [[32minfo[39m]: Listening on 8080
2024-11-12 21:17:13 [[32minfo[39m]: Listening on 8080
2024-11-12 21:17:22 [[31merror[39m]: undefined User id 67340c325f09b986139273e1 not found
2024-11-12 21:17:24 [[32minfo[39m]: Listening on 8080
2024-11-12 21:18:21 [[31merror[39m]: undefined User id 67340c6c7a54d2411d15407c not found
2024-11-12 21:18:41 [[31merror[39m]: undefined User id 67340c81d152f4c518871096 not found
2024-11-12 21:18:50 [[31merror[39m]: undefined User id 67340c8a5f05df91e66cdeae not found
2024-11-12 21:27:25 [[32minfo[39m]: Listening on 8080
2024-11-12 21:30:38 [[31merror[39m]: _id Cast to ObjectId failed for value "undefined" (type string) at path "_id" for model "Adoptions"
2024-11-12 21:31:30 [[31merror[39m]: _id Cast to ObjectId failed for value "undefined" (type string) at path "_id" for model "Adoptions"
2024-11-12 21:38:31 [[32minfo[39m]: Listening on 8080
2024-11-12 21:38:33 [[32minfo[39m]: Listening on 8080
2024-11-12 21:49:06 [[32minfo[39m]: Listening on 8080
2024-11-12 21:49:12 [[32minfo[39m]: Listening on 8080
2024-11-12 21:49:17 [[32minfo[39m]: Listening on 8080
2024-11-12 21:49:22 [[32minfo[39m]: Listening on 8080
2024-11-12 21:52:12 [[32minfo[39m]: Listening on 8080
2024-11-12 21:57:17 [[32minfo[39m]: Listening on 8080
2024-11-12 22:11:10 [[32minfo[39m]: Listening on 8080
2024-11-12 22:12:02 [[32minfo[39m]: Listening on 8080
2024-11-12 22:12:27 [[32minfo[39m]: Listening on 8080
2024-11-12 22:12:39 [[32minfo[39m]: Listening on 8080
2024-11-13 06:15:13 [[32minfo[39m]: Listening on 8080
2024-11-13 06:15:16 [[32minfo[39m]: Listening on 8080
2024-11-13 06:34:16 [[32minfo[39m]: Listening on 8080
2024-11-13 06:35:01 [[32minfo[39m]: Listening on 8080
2024-11-13 06:36:56 [[32minfo[39m]: Listening on 8080
2024-11-13 06:37:35 [[32minfo[39m]: Listening on 8080
2024-11-13 06:37:40 [[32minfo[39m]: Listening on 8080
2024-11-13 06:39:49 [[32minfo[39m]: Listening on 8080
2024-11-13 06:40:39 [[32minfo[39m]: Listening on 8080
2024-11-13 06:44:00 [[32minfo[39m]: Listening on 8080
2024-11-13 06:45:44 [[32minfo[39m]: Listening on 8080
2024-11-13 06:45:47 [[32minfo[39m]: Listening on 8080
2024-11-13 06:45:58 [[32minfo[39m]: Listening on 8080
2024-11-13 06:46:13 [[32minfo[39m]: Listening on 8080
2024-11-13 06:46:43 [[32minfo[39m]: Listening on 8080
2024-11-13 06:57:15 [[32minfo[39m]: Listening on 8080
2024-11-13 06:57:22 [[32minfo[39m]: Listening on 8080
2024-11-13 06:57:33 [[32minfo[39m]: Listening on 8080
2024-11-13 06:57:35 [[32minfo[39m]: Listening on 8080
2024-11-13 06:59:29 [[32minfo[39m]: Listening on 8080
2024-11-13 07:05:29 [[31merror[39m]: undefined customError is not defined
2024-11-13 07:08:43 [[32minfo[39m]: Listening on 8080
2024-11-13 07:08:52 [[31merror[39m]: undefined customError is not defined
2024-11-13 07:09:48 [[31merror[39m]: undefined customError is not defined
2024-11-13 07:10:08 [[31merror[39m]: undefined customError is not defined
2024-11-13 07:12:35 [[32minfo[39m]: Listening on 8080
2024-11-13 07:12:40 [[31merror[39m]: undefined customError is not defined
2024-11-13 07:13:02 [[32minfo[39m]: Listening on 8080
2024-11-13 07:13:07 [[32minfo[39m]: Listening on 8080
2024-11-13 07:13:12 [[32minfo[39m]: Listening on 8080
2024-11-13 07:13:16 [[32minfo[39m]: Listening on 8080
2024-11-13 07:13:43 [[32minfo[39m]: Listening on 8080
2024-11-13 07:13:48 [[32minfo[39m]: Listening on 8080
2024-11-13 07:14:04 [[31merror[39m]: undefined customError is not defined
2024-11-13 07:14:08 [[31merror[39m]: undefined customError is not defined
2024-11-13 07:16:30 [[32minfo[39m]: Listening on 8080
2024-11-13 07:16:32 [[32minfo[39m]: Listening on 8080
2024-11-13 07:16:52 [[32minfo[39m]: Listening on 8080
2024-11-13 07:17:10 [[32minfo[39m]: Listening on 8080
2024-11-13 07:17:17 [[31merror[39m]: undefined customError is not defined
2024-11-13 07:17:41 [[32minfo[39m]: Listening on 8080
2024-11-13 07:17:50 [[31merror[39m]: undefined Pet id [object Object] not found
2024-11-13 07:20:05 [[32minfo[39m]: Listening on 8080
2024-11-13 07:20:11 [[32minfo[39m]: Listening on 8080
2024-11-13 07:20:16 [[32minfo[39m]: Listening on 8080
2024-11-13 07:20:33 [[32minfo[39m]: Listening on 8080
2024-11-13 07:20:36 [[32minfo[39m]: Listening on 8080
2024-11-13 07:20:41 [[32minfo[39m]: Listening on 8080
2024-11-13 07:21:03 [[32minfo[39m]: Listening on 8080
2024-11-13 07:21:06 [[32minfo[39m]: Listening on 8080
2024-11-13 07:21:12 [[32minfo[39m]: Listening on 8080
2024-11-13 07:21:19 [[32minfo[39m]: Listening on 8080
2024-11-13 07:21:49 [[32minfo[39m]: Listening on 8080
2024-11-13 07:22:39 [[32minfo[39m]: Listening on 8080
2024-11-13 07:22:44 [[32minfo[39m]: Listening on 8080
2024-11-13 07:22:59 [[31merror[39m]: undefined Error al resetear la adopción de la mascota: this.petDao.resetAdoption is not a function
2024-11-13 07:23:27 [[32minfo[39m]: Listening on 8080
2024-11-13 07:24:01 [[32minfo[39m]: Listening on 8080
2024-11-13 07:24:13 [[32minfo[39m]: Listening on 8080
2024-11-13 07:24:29 [[32minfo[39m]: Listening on 8080
2024-11-13 07:24:31 [[32minfo[39m]: Listening on 8080
2024-11-13 07:24:47 [[32minfo[39m]: Listening on 8080
2024-11-13 07:25:01 [[32minfo[39m]: Listening on 8080
2024-11-13 07:25:10 [[32minfo[39m]: Listening on 8080
2024-11-13 07:25:17 [[32minfo[39m]: Listening on 8080
2024-11-13 07:25:35 [[32minfo[39m]: Listening on 8080
2024-11-13 07:25:39 [[32minfo[39m]: Listening on 8080
2024-11-13 07:25:44 [[32minfo[39m]: Listening on 8080
2024-11-13 07:25:52 [[32minfo[39m]: Listening on 8080
2024-11-13 07:26:14 [[32minfo[39m]: Listening on 8080
2024-11-13 07:26:16 [[32minfo[39m]: Listening on 8080
2024-11-13 07:26:19 [[32minfo[39m]: Listening on 8080
2024-11-13 07:26:23 [[32minfo[39m]: Listening on 8080
2024-11-13 07:26:28 [[32minfo[39m]: Listening on 8080
2024-11-13 07:26:30 [[32minfo[39m]: Listening on 8080
